18/08/2014 22:27:44 (InfL1)	+-+-+-+-+-+-+-+-+-+-+-+-+-+-+-+-+-+-+-+-+-+-+-+-+-+-+-+-+-+-+-+-+-+-+-+-+-+-+-+
18/08/2014 22:27:44 (InfL1)	+                     Crazy Eddie's GUI System - Event log                    +
18/08/2014 22:27:44 (InfL1)	+                          (http://www.cegui.org.uk/)                         +
18/08/2014 22:27:44 (InfL1)	+-+-+-+-+-+-+-+-+-+-+-+-+-+-+-+-+-+-+-+-+-+-+-+-+-+-+-+-+-+-+-+-+-+-+-+-+-+-+-+

18/08/2014 22:27:44 (InfL1)	CEGUI::Logger singleton created.
18/08/2014 22:27:44 (InfL1)	---- Begining CEGUI System initialisation ----
18/08/2014 22:27:44 (InfL1)	CEGUI::ImagesetManager singleton created
18/08/2014 22:27:44 (InfL1)	CEGUI::FontManager singleton created.
18/08/2014 22:27:44 (InfL1)	CEGUI::WindowFactoryManager singleton created
18/08/2014 22:27:44 (InfL1)	CEGUI::WindowManager singleton created
18/08/2014 22:27:44 (InfL1)	CEGUI::SchemeManager singleton created.
18/08/2014 22:27:44 (InfL1)	CEGUI::MouseCursor singleton created.
18/08/2014 22:27:44 (InfL1)	CEGUI::GlobalEventSet singleton created.
18/08/2014 22:27:44 (InfL1)	CEGUI::WidgetLookManager singleton created.
18/08/2014 22:27:44 (InfL1)	CEGUI::WindowRendererManager singleton created
18/08/2014 22:27:44 (InfL1)	WindowFactory for 'DefaultWindow' windows added.
18/08/2014 22:27:44 (InfL1)	WindowFactory for 'DragContainer' windows added.
18/08/2014 22:27:44 (InfL1)	WindowFactory for 'ScrolledContainer' windows added.
18/08/2014 22:27:44 (InfL1)	WindowFactory for 'ClippedContainer' windows added.
18/08/2014 22:27:44 (InfL1)	WindowFactory for 'CEGUI/Checkbox' windows added.
18/08/2014 22:27:44 (InfL1)	WindowFactory for 'CEGUI/PushButton' windows added.
18/08/2014 22:27:44 (InfL1)	WindowFactory for 'CEGUI/RadioButton' windows added.
18/08/2014 22:27:44 (InfL1)	WindowFactory for 'CEGUI/Combobox' windows added.
18/08/2014 22:27:44 (InfL1)	WindowFactory for 'CEGUI/ComboDropList' windows added.
18/08/2014 22:27:44 (InfL1)	WindowFactory for 'CEGUI/Editbox' windows added.
18/08/2014 22:27:44 (InfL1)	WindowFactory for 'CEGUI/FrameWindow' windows added.
18/08/2014 22:27:44 (InfL1)	WindowFactory for 'CEGUI/ItemEntry' windows added.
18/08/2014 22:27:44 (InfL1)	WindowFactory for 'CEGUI/Listbox' windows added.
18/08/2014 22:27:44 (InfL1)	WindowFactory for 'CEGUI/ListHeader' windows added.
18/08/2014 22:27:44 (InfL1)	WindowFactory for 'CEGUI/ListHeaderSegment' windows added.
18/08/2014 22:27:44 (InfL1)	WindowFactory for 'CEGUI/Menubar' windows added.
18/08/2014 22:27:44 (InfL1)	WindowFactory for 'CEGUI/PopupMenu' windows added.
18/08/2014 22:27:44 (InfL1)	WindowFactory for 'CEGUI/MenuItem' windows added.
18/08/2014 22:27:44 (InfL1)	WindowFactory for 'CEGUI/MultiColumnList' windows added.
18/08/2014 22:27:44 (InfL1)	WindowFactory for 'CEGUI/MultiLineEditbox' windows added.
18/08/2014 22:27:44 (InfL1)	WindowFactory for 'CEGUI/ProgressBar' windows added.
18/08/2014 22:27:44 (InfL1)	WindowFactory for 'CEGUI/ScrollablePane' windows added.
18/08/2014 22:27:44 (InfL1)	WindowFactory for 'CEGUI/Scrollbar' windows added.
18/08/2014 22:27:44 (InfL1)	WindowFactory for 'CEGUI/Slider' windows added.
18/08/2014 22:27:44 (InfL1)	WindowFactory for 'CEGUI/Spinner' windows added.
18/08/2014 22:27:44 (InfL1)	WindowFactory for 'CEGUI/TabButton' windows added.
18/08/2014 22:27:44 (InfL1)	WindowFactory for 'CEGUI/TabControl' windows added.
18/08/2014 22:27:44 (InfL1)	WindowFactory for 'CEGUI/Thumb' windows added.
18/08/2014 22:27:44 (InfL1)	WindowFactory for 'CEGUI/Titlebar' windows added.
18/08/2014 22:27:44 (InfL1)	WindowFactory for 'CEGUI/Tooltip' windows added.
18/08/2014 22:27:44 (InfL1)	WindowFactory for 'CEGUI/ItemListbox' windows added.
18/08/2014 22:27:44 (InfL1)	Window type alias named 'DefaultGUISheet' added for window type 'DefaultWindow'.
18/08/2014 22:27:44 (InfL1)	CEGUI::System singleton created.
18/08/2014 22:27:44 (InfL1)	---- CEGUI System initialisation completed ----
18/08/2014 22:27:44 (InfL1)	---- Version 0.5.1 ----
18/08/2014 22:27:44 (InfL1)	---- Renderer module is: CEGUI::OgreRenderer - Official Ogre based renderer module for CEGUI ----
18/08/2014 22:27:44 (InfL1)	---- XML Parser module is: CEGUI::ExpatParser - Official expat based parser module for CEGUI ----
18/08/2014 22:27:44 (InfL1)	---- Scripting module is: None ----
18/08/2014 22:28:34 (InfL1)	---- Begining CEGUI System destruction ----
18/08/2014 22:28:34 (InfL1)	---- Begining cleanup of GUI Scheme system ----
18/08/2014 22:28:34 (InfL1)	CEGUI::SchemeManager singleton destroyed.
18/08/2014 22:28:34 (InfL1)	CEGUI::WindowManager singleton destroyed
18/08/2014 22:28:34 (InfL1)	CEGUI::WindowFactoryManager singleton destroyed
18/08/2014 22:28:34 (InfL1)	CEGUI::WidgetLookManager singleton destroyed.
18/08/2014 22:28:34 (InfL1)	CEGUI::WindowRendererManager singleton destroyed
18/08/2014 22:28:34 (InfL1)	---- Begining cleanup of Font system ----
18/08/2014 22:28:34 (InfL1)	CEGUI::FontManager singleton destroyed.
18/08/2014 22:28:34 (InfL1)	CEGUI::MouseCursor singleton destroyed.
18/08/2014 22:28:34 (InfL1)	---- Begining cleanup of Imageset system ----
18/08/2014 22:28:34 (InfL1)	CEGUI::ImagesetManager singleton destroyed
18/08/2014 22:28:34 (InfL1)	CEGUI::GlobalEventSet singleton destroyed.
18/08/2014 22:28:34 (InfL1)	CEGUI::System singleton destroyed.
18/08/2014 22:28:34 (InfL1)	---- CEGUI System destruction completed ----
18/08/2014 22:28:34 (InfL1)	CEGUI::Logger singleton destroyed.
