20:15:26: Creating resource group General
20:15:26: Creating resource group Internal
20:15:26: Creating resource group Autodetect
20:15:26: SceneManagerFactory for type 'DefaultSceneManager' registered.
20:15:26: Registering ResourceManager for type Material
20:15:26: Registering ResourceManager for type Mesh
20:15:26: Registering ResourceManager for type Skeleton
20:15:26: MovableObjectFactory for type 'ParticleSystem' registered.
20:15:26: OverlayElementFactory for type Panel registered.
20:15:26: OverlayElementFactory for type BorderPanel registered.
20:15:26: OverlayElementFactory for type TextArea registered.
20:15:26: Registering ResourceManager for type Font
20:15:26: ArchiveFactory for archive type FileSystem registered.
20:15:26: ArchiveFactory for archive type Zip registered.
20:15:26: FreeImage version: 3.10.0
20:15:26: This program uses FreeImage, a free, open source image library supporting all common bitmap formats. See http://freeimage.sourceforge.net for details
20:15:26: Supported formats: bmp,ico,jpg,jif,jpeg,jpe,jng,koa,iff,lbm,mng,pbm,pbm,pcd,pcx,pgm,pgm,png,ppm,ppm,ras,tga,targa,tif,tiff,wap,wbmp,wbm,psd,cut,xbm,xpm,gif,hdr,g3,sgi,exr,j2k,j2c,jp2
20:15:26: DDS codec registering
20:15:26: Registering ResourceManager for type HighLevelGpuProgram
20:15:26: Registering ResourceManager for type Compositor
20:15:26: MovableObjectFactory for type 'Entity' registered.
20:15:26: MovableObjectFactory for type 'Light' registered.
20:15:26: MovableObjectFactory for type 'BillboardSet' registered.
20:15:26: MovableObjectFactory for type 'ManualObject' registered.
20:15:26: MovableObjectFactory for type 'BillboardChain' registered.
20:15:26: MovableObjectFactory for type 'RibbonTrail' registered.
20:15:26: Loading library .\RenderSystem_Direct3D9
20:15:26: Installing plugin: D3D9 RenderSystem
20:15:26: D3D9 : Direct3D9 Rendering Subsystem created.
20:15:26: D3D9: Driver Detection Starts
20:15:26: D3D9: Driver Detection Ends
20:15:27: Plugin successfully installed
20:15:27: Loading library .\RenderSystem_GL
20:15:27: Installing plugin: GL RenderSystem
20:15:27: OpenGL Rendering Subsystem created.
20:15:28: Plugin successfully installed
20:15:28: Loading library .\Plugin_ParticleFX
20:15:28: Installing plugin: ParticleFX
20:15:28: Particle Emitter Type 'Point' registered
20:15:28: Particle Emitter Type 'Box' registered
20:15:28: Particle Emitter Type 'Ellipsoid' registered
20:15:28: Particle Emitter Type 'Cylinder' registered
20:15:28: Particle Emitter Type 'Ring' registered
20:15:28: Particle Emitter Type 'HollowEllipsoid' registered
20:15:28: Particle Affector Type 'LinearForce' registered
20:15:28: Particle Affector Type 'ColourFader' registered
20:15:28: Particle Affector Type 'ColourFader2' registered
20:15:28: Particle Affector Type 'ColourImage' registered
20:15:28: Particle Affector Type 'ColourInterpolator' registered
20:15:28: Particle Affector Type 'Scaler' registered
20:15:28: Particle Affector Type 'Rotator' registered
20:15:28: Particle Affector Type 'DirectionRandomiser' registered
20:15:28: Particle Affector Type 'DeflectorPlane' registered
20:15:28: Plugin successfully installed
20:15:28: Loading library .\Plugin_BSPSceneManager
20:15:28: Installing plugin: BSP Scene Manager
20:15:28: Plugin successfully installed
20:15:28: Loading library .\Plugin_CgProgramManager
20:15:28: Installing plugin: Cg Program Manager
20:15:28: Plugin successfully installed
20:15:28: Loading library .\Plugin_PCZSceneManager.dll
20:15:28: Installing plugin: Portal Connected Zone Scene Manager
20:15:28: PCZone Factory Type 'ZoneType_Default' registered
20:15:28: Plugin successfully installed
20:15:28: Loading library .\Plugin_OctreeZone.dll
20:15:28: Installing plugin: Octree Zone Factory
20:15:28: Plugin successfully installed
20:15:28: Loading library .\Plugin_OctreeSceneManager
20:15:28: Installing plugin: Octree & Terrain Scene Manager
20:15:28: Plugin successfully installed
20:15:28: *-*-* OGRE Initialising
20:15:28: *-*-* Version 1.6.4 (Shoggoth)
20:15:28: OGRE EXCEPTION(6:FileNotFoundException): 'ogre.cfg' file not found! in ConfigFile::load at ..\src\OgreConfigFile.cpp (line 84)
20:15:32: Creating resource group Bootstrap
20:15:32: Added resource location '../../media/packs/OgreCore.zip' of type 'Zip' to resource group 'Bootstrap'
20:15:32: Added resource location '../../media' of type 'FileSystem' to resource group 'General'
20:15:32: Added resource location '../../media/fonts' of type 'FileSystem' to resource group 'General'
20:15:32: Added resource location '../../media/materials/programs' of type 'FileSystem' to resource group 'General'
20:15:32: Added resource location '../../media/materials/scripts' of type 'FileSystem' to resource group 'General'
20:15:32: Added resource location '../../media/materials/textures' of type 'FileSystem' to resource group 'General'
20:15:32: Added resource location '../../media/models' of type 'FileSystem' to resource group 'General'
20:15:32: Added resource location '../../media/overlays' of type 'FileSystem' to resource group 'General'
20:15:32: Added resource location '../../media/particle' of type 'FileSystem' to resource group 'General'
20:15:32: Added resource location '../../media/gui' of type 'FileSystem' to resource group 'General'
20:15:32: Added resource location '../../media/DeferredShadingMedia' of type 'FileSystem' to resource group 'General'
20:15:32: Added resource location '../../media/PCZAppMedia' of type 'FileSystem' to resource group 'General'
20:15:32: Added resource location '../../media/packs/cubemap.zip' of type 'Zip' to resource group 'General'
20:15:32: Added resource location '../../media/packs/cubemapsJS.zip' of type 'Zip' to resource group 'General'
20:15:32: Added resource location '../../media/packs/dragon.zip' of type 'Zip' to resource group 'General'
20:15:32: Added resource location '../../media/packs/fresneldemo.zip' of type 'Zip' to resource group 'General'
20:15:32: Added resource location '../../media/packs/ogretestmap.zip' of type 'Zip' to resource group 'General'
20:15:32: Added resource location '../../media/packs/skybox.zip' of type 'Zip' to resource group 'General'
20:15:32: CPU Identifier & Features
20:15:32: -------------------------
20:15:32:  *   CPU ID: GenuineIntel: Intel(R) Core(TM)2 Duo CPU     T6670  @ 2.20GHz
20:15:32:  *      SSE: yes
20:15:32:  *     SSE2: yes
20:15:32:  *     SSE3: yes
20:15:32:  *      MMX: yes
20:15:32:  *   MMXEXT: yes
20:15:32:  *    3DNOW: no
20:15:32:  * 3DNOWEXT: no
20:15:32:  *     CMOV: yes
20:15:32:  *      TSC: yes
20:15:32:  *      FPU: yes
20:15:32:  *      PRO: yes
20:15:32:  *       HT: no
20:15:32: -------------------------
20:15:32: D3D9 : Subsystem Initialising
20:15:32: D3D9RenderSystem::_createRenderWindow "Orz Window", 800x600 fullscreen  miscParams: FSAA=0 FSAAQuality=0 colourDepth=32 gamma=false useNVPerfHUD=false vsync=false 
20:15:32: D3D9 : Created D3D9 Rendering Window 'Orz Window' : 800x600, 32bpp
20:15:34: Registering ResourceManager for type Texture
20:15:34: Registering ResourceManager for type GpuProgram
20:15:34: D3D9: Vertex texture format supported - PF_FLOAT16_RGB
20:15:34: D3D9: Vertex texture format supported - PF_FLOAT16_RGBA
20:15:34: D3D9: Vertex texture format supported - PF_FLOAT32_RGB
20:15:34: D3D9: Vertex texture format supported - PF_FLOAT32_RGBA
20:15:34: D3D9: Vertex texture format supported - PF_FLOAT16_R
20:15:34: D3D9: Vertex texture format supported - PF_FLOAT32_R
20:15:34: D3D9: Vertex texture format supported - PF_FLOAT16_GR
20:15:34: D3D9: Vertex texture format supported - PF_FLOAT32_GR
20:15:34: RenderSystem capabilities
20:15:34: -------------------------
20:15:34: RenderSystem Name: Direct3D9 Rendering Subsystem
20:15:34: GPU Vendor: nvidia
20:15:34: Device Name: NVIDIA GeForce 310M
20:15:34: Driver Version: 8.17.12.5721
20:15:34:  * Fixed function pipeline: yes
20:15:34:  * Hardware generation of mipmaps: yes
20:15:34:  * Texture blending: yes
20:15:34:  * Anisotropic texture filtering: yes
20:15:34:  * Dot product texture operation: yes
20:15:34:  * Cube mapping: yes
20:15:34:  * Hardware stencil buffer: yes
20:15:34:    - Stencil depth: 8
20:15:34:    - Two sided stencil support: yes
20:15:34:    - Wrap stencil values: yes
20:15:34:  * Hardware vertex / index buffers: yes
20:15:34:  * Vertex programs: yes
20:15:34:  * Fragment programs: yes
20:15:34:  * Geometry programs: no
20:15:34:  * Supported Shader Profiles: hlsl ps_1_1 ps_1_2 ps_1_3 ps_1_4 ps_2_0 ps_2_a ps_2_b ps_2_x ps_3_0 vs_1_1 vs_2_0 vs_2_a vs_2_x vs_3_0
20:15:34:  * Texture Compression: yes
20:15:34:    - DXT: yes
20:15:34:    - VTC: no
20:15:34:  * Scissor Rectangle: yes
20:15:34:  * Hardware Occlusion Query: yes
20:15:34:  * User clip planes: yes
20:15:34:  * VET_UBYTE4 vertex element type: yes
20:15:34:  * Infinite far plane projection: yes
20:15:34:  * Hardware render-to-texture: yes
20:15:34:  * Floating point textures: yes
20:15:34:  * Non-power-of-two textures: yes
20:15:34:  * Volume textures: yes
20:15:34:  * Multiple Render Targets: 4
20:15:34:    - With different bit depths: yes
20:15:34:  * Point Sprites: yes
20:15:34:  * Extended point parameters: yes
20:15:34:  * Max Point Size: 8192
20:15:34:  * Vertex texture fetch: yes
20:15:34:    - Max vertex textures: 4
20:15:34:    - Vertex textures shared: no
20:15:34:  * Render to Vertex Buffer : no
20:15:34:  * DirectX per stage constants: yes
20:15:34: ***************************************
20:15:34: *** D3D9 : Subsystem Initialised OK ***
20:15:34: ***************************************
20:15:34: ResourceBackgroundQueue - threading disabled
20:15:34: Particle Renderer Type 'billboard' registered
20:15:34: SceneManagerFactory for type 'BspSceneManager' registered.
20:15:34: Registering ResourceManager for type BspLevel
20:15:34: SceneManagerFactory for type 'PCZSceneManager' registered.
20:15:34: MovableObjectFactory for type 'PCZLight' registered.
20:15:34: PCZone Factory Type 'ZoneType_Octree' registered
20:15:34: PCZone Factory Type 'ZoneType_Terrain' registered
20:15:34: SceneManagerFactory for type 'OctreeSceneManager' registered.
20:15:34: SceneManagerFactory for type 'TerrainSceneManager' registered.
20:15:34: Parsing scripts for resource group Autodetect
20:15:34: Finished parsing scripts for resource group Autodetect
20:15:34: Parsing scripts for resource group Bootstrap
20:15:34: Parsing script OgreCore.material
20:15:34: Parsing script OgreProfiler.material
20:15:34: Parsing script Ogre.fontdef
20:15:34: Parsing script OgreDebugPanel.overlay
20:15:35: Texture: New_Ogre_Border_Center.png: Loading 1 faces(PF_A8R8G8B8,256x128x1) with  hardware generated mipmaps from Image. Internal format is PF_A8R8G8B8,256x128x1.
20:15:35: Texture: New_Ogre_Border.png: Loading 1 faces(PF_A8R8G8B8,256x256x1) with  hardware generated mipmaps from Image. Internal format is PF_A8R8G8B8,256x256x1.
20:15:35: Texture: New_Ogre_Border_Break.png: Loading 1 faces(PF_A8R8G8B8,32x32x1) with  hardware generated mipmaps from Image. Internal format is PF_A8R8G8B8,32x32x1.
20:15:35: Font BlueHighwayusing texture size 512x512
20:15:35: Info: Freetype returned null for character 127 in font BlueHighway
20:15:35: Info: Freetype returned null for character 128 in font BlueHighway
20:15:35: Info: Freetype returned null for character 129 in font BlueHighway
20:15:35: Info: Freetype returned null for character 130 in font BlueHighway
20:15:35: Info: Freetype returned null for character 131 in font BlueHighway
20:15:35: Info: Freetype returned null for character 132 in font BlueHighway
20:15:35: Info: Freetype returned null for character 133 in font BlueHighway
20:15:35: Info: Freetype returned null for character 134 in font BlueHighway
20:15:35: Info: Freetype returned null for character 135 in font BlueHighway
20:15:35: Info: Freetype returned null for character 136 in font BlueHighway
20:15:35: Info: Freetype returned null for character 137 in font BlueHighway
20:15:35: Info: Freetype returned null for character 138 in font BlueHighway
20:15:35: Info: Freetype returned null for character 139 in font BlueHighway
20:15:35: Info: Freetype returned null for character 140 in font BlueHighway
20:15:35: Info: Freetype returned null for character 141 in font BlueHighway
20:15:35: Info: Freetype returned null for character 142 in font BlueHighway
20:15:35: Info: Freetype returned null for character 143 in font BlueHighway
20:15:35: Info: Freetype returned null for character 144 in font BlueHighway
20:15:35: Info: Freetype returned null for character 145 in font BlueHighway
20:15:35: Info: Freetype returned null for character 146 in font BlueHighway
20:15:35: Info: Freetype returned null for character 147 in font BlueHighway
20:15:35: Info: Freetype returned null for character 148 in font BlueHighway
20:15:35: Info: Freetype returned null for character 149 in font BlueHighway
20:15:35: Info: Freetype returned null for character 150 in font BlueHighway
20:15:35: Info: Freetype returned null for character 151 in font BlueHighway
20:15:35: Info: Freetype returned null for character 152 in font BlueHighway
20:15:35: Info: Freetype returned null for character 153 in font BlueHighway
20:15:35: Info: Freetype returned null for character 154 in font BlueHighway
20:15:35: Info: Freetype returned null for character 155 in font BlueHighway
20:15:35: Info: Freetype returned null for character 156 in font BlueHighway
20:15:35: Info: Freetype returned null for character 157 in font BlueHighway
20:15:35: Info: Freetype returned null for character 158 in font BlueHighway
20:15:35: Info: Freetype returned null for character 159 in font BlueHighway
20:15:35: Info: Freetype returned null for character 160 in font BlueHighway
20:15:35: Texture: BlueHighwayTexture: Loading 1 faces(PF_BYTE_LA,512x512x1) with 0 generated mipmaps from Image. Internal format is PF_BYTE_LA,512x512x1.
20:15:35: Texture: ogretext.png: Loading 1 faces(PF_A8R8G8B8,256x128x1) with  hardware generated mipmaps from Image. Internal format is PF_A8R8G8B8,256x128x1.
20:15:35: Parsing script OgreLoadingPanel.overlay
20:15:35: Finished parsing scripts for resource group Bootstrap
20:15:35: Parsing scripts for resource group General
20:15:35: Parsing script Examples.program
20:15:36: Parsing script StdQuad_vp.program
20:15:36: Parsing script deferred.glsl.program
20:15:36: Parsing script deferred.hlsl.program
20:15:36: Parsing script deferred.program
20:15:36: Parsing script deferred_post_ambient.program
20:15:36: Parsing script deferred_post_debug.glsl.program
20:15:36: Parsing script deferred_post_debug.hlsl.program
20:15:36: Parsing script deferred_post_debug.program
20:15:36: Parsing script deferred_post_minilight.glsl.program
20:15:36: Parsing script deferred_post_minilight.hlsl.program
20:15:36: OGRE EXCEPTION(2:InvalidParametersException): Parameter called lightFalloff does not exist.  in GpuProgramParameters::_findNamedConstantDefinition at ..\src\OgreGpuProgram.cpp (line 1097)
20:15:36: Compiler error: invalid parameters in deferred_post_minilight.hlsl.program(27): setting of constant failed
20:15:36: Parsing script deferred_post_minilight.program
20:15:36: Parsing script deferred_post_multipass.glsl.program
20:15:36: Parsing script deferred_post_multipass.hlsl.program
20:15:36: Parsing script deferred_post_onepass.glsl.program
20:15:36: Parsing script deferred_post_onepass.hlsl.program
20:15:36: Parsing script deferred_post_vs.program
20:15:36: Parsing script ASCII.material
20:15:36: Parsing script ASMSwizzle.material
20:15:36: Compiler error: object unsupported by render system in ASMSwizzle.material(1)
20:15:36: Parsing script BlackAndWhite.material
20:15:36: Parsing script Bloom.material
20:15:36: Parsing script Bloom2.material
20:15:36: Parsing script CGSwizzle.material
20:15:36: Parsing script DepthShadowmap.material
20:15:36: Parsing script Dither.material
20:15:36: Parsing script DOF.material
20:15:36: Parsing script Embossed.material
20:15:36: Parsing script Example-DynTex.material
20:15:36: Parsing script Example-Water.material
20:15:37: Parsing script Example.material
20:15:37: OGRE EXCEPTION(2:InvalidParametersException): Parameter called camObjPos does not exist.  in GpuProgramParameters::_findNamedConstantDefinition at ..\src\OgreGpuProgram.cpp (line 1097)
20:15:37: Compiler error: invalid parameters in Example.material(762): setting of constant failed
20:15:37: Parsing script Examples-Advanced.material
20:15:37: Parsing script facial.material
20:15:37: Parsing script Glass.material
20:15:37: Parsing script GLSLSwizzle.material
20:15:37: Parsing script Halftone.material
20:15:37: Parsing script hdr.material
20:15:37: Parsing script HeatVision.material
20:15:37: Parsing script Hurt.material
20:15:37: Parsing script instancing.material
20:15:37: Parsing script Invert.material
20:15:37: Parsing script IsoSurf.material
20:15:37: Parsing script Laplace.material
20:15:37: Parsing script MotionBlur.material
20:15:37: Parsing script MRTtest.material
20:15:37: Parsing script NightVision.material
20:15:37: Parsing script Ocean.material
20:15:37: Parsing script OffsetMapping.material
20:15:37: Parsing script Ogre.material
20:15:37: Parsing script OldMovie.material
20:15:37: Parsing script OldTV.material
20:15:37: Parsing script ParticleGS.material
20:15:37: OGRE EXCEPTION(7:InternalErrorException): Unable to compile Cg program Ogre/ParticleGS/GenerateVS: CG ERROR : The compile returned an error.
(0) : error C6015: Output 'POSITION' not completely written
 in CgProgram::loadFromSource at ..\src\OgreCgProgramManagerDll.cpp (line 66)
20:15:37: High-level program Ogre/ParticleGS/GenerateVS encountered an error during loading and is thus not supported.
OGRE EXCEPTION(7:InternalErrorException): Unable to compile Cg program Ogre/ParticleGS/GenerateVS: CG ERROR : The compile returned an error.
(0) : error C6015: Output 'POSITION' not completely written
 in CgProgram::loadFromSource at ..\src\OgreCgProgramManagerDll.cpp (line 66)
20:15:37: OGRE EXCEPTION(7:InternalErrorException): Unable to compile Cg program Ogre/ParticleGS/DisplayVS: CG ERROR : The compile returned an error.
(249) : warning C7050: "output.color" might be used before being initialized
(0) : error C6015: Output 'POSITION' not completely written
 in CgProgram::loadFromSource at ..\src\OgreCgProgramManagerDll.cpp (line 66)
20:15:37: High-level program Ogre/ParticleGS/DisplayVS encountered an error during loading and is thus not supported.
OGRE EXCEPTION(7:InternalErrorException): Unable to compile Cg program Ogre/ParticleGS/DisplayVS: CG ERROR : The compile returned an error.
(249) : warning C7050: "output.color" might be used before being initialized
(0) : error C6015: Output 'POSITION' not completely written
 in CgProgram::loadFromSource at ..\src\OgreCgProgramManagerDll.cpp (line 66)
20:15:37: OGRE EXCEPTION(7:InternalErrorException): Unable to compile Cg program Ogre/ParticleGS/DisplayPS: CG ERROR : The compile returned an error.
(323) : fatal error C9999: unexpected cast operation
 in CgProgram::loadFromSource at ..\src\OgreCgProgramManagerDll.cpp (line 66)
20:15:37: High-level program Ogre/ParticleGS/DisplayPS encountered an error during loading and is thus not supported.
OGRE EXCEPTION(7:InternalErrorException): Unable to compile Cg program Ogre/ParticleGS/DisplayPS: CG ERROR : The compile returned an error.
(323) : fatal error C9999: unexpected cast operation
 in CgProgram::loadFromSource at ..\src\OgreCgProgramManagerDll.cpp (line 66)
20:15:37: Parsing script Posterize.material
20:15:37: Parsing script pssm.material
20:15:37: Parsing script RadialBlur.material
20:15:37: Parsing script RZR-002.material
20:15:37: Parsing script SharpenEdges.material
20:15:37: Parsing script smoke.material
20:15:37: Parsing script Tiling.material
20:15:37: Parsing script VarianceShadowmap.material
20:15:37: Parsing script deferred.material
20:15:37: Parsing script deferreddemo.material
20:15:37: Parsing script deferred_post_ambient.material
20:15:37: Parsing script deferred_post_debug.material
20:15:37: Parsing script deferred_post_minilight.material
20:15:37: Parsing script deferred_post_multipass.material
20:15:37: Parsing script deferred_post_onepass.material
20:15:37: Parsing script ROOM.material
20:15:37: Parsing script RomanBath.material
20:15:37: Parsing script emitted_emitter.particle
20:15:37: Parsing script Example-Water.particle
20:15:37: Parsing script Example.particle
20:15:37: Parsing script smoke.particle
20:15:37: Parsing script Examples.compositor
20:15:37: Parsing script deferred.compositor
20:15:37: Parsing script sample.fontdef
20:15:37: Parsing script Compositor.overlay
20:15:37: Parsing script DP3.overlay
20:15:37: Parsing script Example-CubeMapping.overlay
20:15:37: Parsing script Example-DynTex.overlay
20:15:37: Parsing script Example-Water.overlay
20:15:37: Parsing script Shadows.overlay
20:15:37: Finished parsing scripts for resource group General
20:15:37: Parsing scripts for resource group Internal
20:15:37: Finished parsing scripts for resource group Internal
20:15:38: Mesh: Loading ogrehead.mesh.
20:15:38: Texture: WeirdEye.png: Loading 1 faces(PF_R8G8B8,256x256x1) with  hardware generated mipmaps from Image. Internal format is PF_X8R8G8B8,256x256x1.
20:15:38: Texture: GreenSkin.jpg: Loading 1 faces(PF_R8G8B8,256x256x1) with  hardware generated mipmaps from Image. Internal format is PF_X8R8G8B8,256x256x1.
20:15:38: Texture: spheremap.png: Loading 1 faces(PF_R8G8B8,256x256x1) with  hardware generated mipmaps from Image. Internal format is PF_X8R8G8B8,256x256x1.
20:15:38: Texture: dirt01.jpg: Loading 1 faces(PF_R8G8B8,96x96x1) with 5 generated mipmaps from Image. Internal format is PF_X8R8G8B8,96x96x1.
20:15:38: Texture: RustySteel.jpg: Loading 1 faces(PF_R8G8B8,256x256x1) with  hardware generated mipmaps from Image. Internal format is PF_X8R8G8B8,256x256x1.
20:15:44: PCZone Factory Type 'ZoneType_Octree' unregistered
20:15:44: PCZone Factory Type 'ZoneType_Terrain' unregistered
20:15:44: Unregistering ResourceManager for type BspLevel
20:15:44: *-*-* OGRE Shutdown
20:15:44: Unregistering ResourceManager for type Compositor
20:15:44: Unregistering ResourceManager for type Font
20:15:44: Unregistering ResourceManager for type Skeleton
20:15:44: Unregistering ResourceManager for type Mesh
20:15:44: Unregistering ResourceManager for type HighLevelGpuProgram
20:15:44: Uninstalling plugin: Octree & Terrain Scene Manager
20:15:44: Plugin successfully uninstalled
20:15:44: Unloading library .\Plugin_OctreeSceneManager
20:15:44: Uninstalling plugin: Octree Zone Factory
20:15:44: Plugin successfully uninstalled
20:15:44: Unloading library .\Plugin_OctreeZone.dll
20:15:44: Uninstalling plugin: Portal Connected Zone Scene Manager
20:15:44: Plugin successfully uninstalled
20:15:44: Unloading library .\Plugin_PCZSceneManager.dll
20:15:44: Uninstalling plugin: Cg Program Manager
20:15:44: Plugin successfully uninstalled
20:15:44: Unloading library .\Plugin_CgProgramManager
20:15:44: Uninstalling plugin: BSP Scene Manager
20:15:44: Plugin successfully uninstalled
20:15:44: Unloading library .\Plugin_BSPSceneManager
20:15:44: Uninstalling plugin: ParticleFX
20:15:44: Plugin successfully uninstalled
20:15:44: Unloading library .\Plugin_ParticleFX
20:15:44: Uninstalling plugin: GL RenderSystem
20:15:44: *** Stopping Win32GL Subsystem ***
20:15:44: Plugin successfully uninstalled
20:15:44: Unloading library .\RenderSystem_GL
20:15:44: Uninstalling plugin: D3D9 RenderSystem
20:15:44: D3D9 : Shutting down cleanly.
20:15:44: Unregistering ResourceManager for type Texture
20:15:44: Unregistering ResourceManager for type GpuProgram
20:15:44: D3D9 : Direct3D9 Rendering Subsystem destroyed.
20:15:44: Plugin successfully uninstalled
20:15:44: Unloading library .\RenderSystem_Direct3D9
20:15:44: Unregistering ResourceManager for type Material
